Copyright 1986-2018 Xilinx, Inc. All Rights Reserved.
--------------------------------------------------------------------------------------------------------------------------------------------------------------------------------------------
| Tool Version : Vivado v.2018.2 (lin64) Build 2258646 Thu Jun 14 20:02:38 MDT 2018
| Date         : Wed Nov 28 21:07:57 2018
| Host         : mlenehan-HP-ENVY-Notebook running 64-bit Ubuntu 18.04.1 LTS
| Command      : report_methodology -file CombinationalLogic_methodology_drc_routed.rpt -pb CombinationalLogic_methodology_drc_routed.pb -rpx CombinationalLogic_methodology_drc_routed.rpx
| Design       : CombinationalLogic
| Device       : xc7z010iclg225-1L
| Speed File   : -1L
| Design State : Routed
--------------------------------------------------------------------------------------------------------------------------------------------------------------------------------------------

Report Methodology

Table of Contents
-----------------
1. REPORT SUMMARY
2. REPORT DETAILS

1. REPORT SUMMARY
-----------------
            Netlist: netlist
          Floorplan: design_1
      Design limits: <entire design considered>
             Max violations: <unlimited>
             Violations found: 0
+------+----------+-------------+------------+
| Rule | Severity | Description | Violations |
+------+----------+-------------+------------+
+------+----------+-------------+------------+

2. REPORT DETAILS
-----------------

