
*** Running vivado
    with args -log lfsr.vdi -applog -m64 -product Vivado -messageDb vivado.pb -mode batch -source lfsr.tcl -notrace


****** Vivado v2018.2 (64-bit)
  **** SW Build 2258646 on Thu Jun 14 20:02:38 MDT 2018
  **** IP Build 2256618 on Thu Jun 14 22:10:49 MDT 2018
    ** Copyright 1986-2018 Xilinx, Inc. All Rights Reserved.

source lfsr.tcl -notrace
Command: link_design -top lfsr -part xc7z010iclg225-1L
Design is defaulting to srcset: sources_1
Design is defaulting to constrset: constrs_1
INFO: [Netlist 29-17] Analyzing 2 Unisim elements for replacement
INFO: [Netlist 29-28] Unisim Transformation completed in 0 CPU seconds
INFO: [Project 1-479] Netlist was created with Vivado 2018.2
INFO: [Device 21-403] Loading part xc7z010iclg225-1L
INFO: [Project 1-570] Preparing netlist for logic optimization
INFO: [Project 1-111] Unisim Transformation Summary:
No Unisim elements were transformed.

6 Infos, 0 Warnings, 0 Critical Warnings and 0 Errors encountered.
link_design completed successfully
link_design: Time (s): cpu = 00:00:09 ; elapsed = 00:00:24 . Memory (MB): peak = 1411.336 ; gain = 219.562 ; free physical = 3270 ; free virtual = 9164
Command: opt_design
Attempting to get a license for feature 'Implementation' and/or device 'xc7z010i'
INFO: [Common 17-349] Got license for feature 'Implementation' and/or device 'xc7z010i'
Running DRC as a precondition to command opt_design

Starting DRC Task
INFO: [DRC 23-27] Running DRC with 4 threads
INFO: [Project 1-461] DRC finished with 0 Errors
INFO: [Project 1-462] Please refer to the DRC report (report_drc) for more information.

Time (s): cpu = 00:00:02 ; elapsed = 00:00:02 . Memory (MB): peak = 1463.352 ; gain = 52.016 ; free physical = 3169 ; free virtual = 9063

Starting Cache Timing Information Task
INFO: [Timing 38-35] Done setting XDC timing constraints.
Ending Cache Timing Information Task | Checksum: ca50976d

Time (s): cpu = 00:00:12 ; elapsed = 00:00:27 . Memory (MB): peak = 1890.914 ; gain = 427.562 ; free physical = 2384 ; free virtual = 8317

Starting Logic Optimization Task

Phase 1 Retarget
INFO: [Opt 31-138] Pushed 0 inverter(s) to 0 load pin(s).
INFO: [Opt 31-49] Retargeted 0 cell(s).
Phase 1 Retarget | Checksum: ca50976d

Time (s): cpu = 00:00:00.04 ; elapsed = 00:00:00.07 . Memory (MB): peak = 1890.914 ; gain = 0.000 ; free physical = 2382 ; free virtual = 8315
INFO: [Opt 31-389] Phase Retarget created 0 cells and removed 0 cells

Phase 2 Constant propagation
INFO: [Opt 31-138] Pushed 0 inverter(s) to 0 load pin(s).
Phase 2 Constant propagation | Checksum: ca50976d

Time (s): cpu = 00:00:00.04 ; elapsed = 00:00:00.07 . Memory (MB): peak = 1890.914 ; gain = 0.000 ; free physical = 2382 ; free virtual = 8315
INFO: [Opt 31-389] Phase Constant propagation created 0 cells and removed 0 cells

Phase 3 Sweep
Phase 3 Sweep | Checksum: 14050d4e0

Time (s): cpu = 00:00:00.04 ; elapsed = 00:00:00.10 . Memory (MB): peak = 1890.914 ; gain = 0.000 ; free physical = 2382 ; free virtual = 8315
INFO: [Opt 31-389] Phase Sweep created 13 cells and removed 0 cells

Phase 4 BUFG optimization
Phase 4 BUFG optimization | Checksum: 14050d4e0

Time (s): cpu = 00:00:00.04 ; elapsed = 00:00:00.10 . Memory (MB): peak = 1890.914 ; gain = 0.000 ; free physical = 2382 ; free virtual = 8315
INFO: [Opt 31-662] Phase BUFG optimization created 0 cells of which 0 are BUFGs and removed 0 cells.

Phase 5 Shift Register Optimization
Phase 5 Shift Register Optimization | Checksum: 13d230246

Time (s): cpu = 00:00:00.05 ; elapsed = 00:00:00.10 . Memory (MB): peak = 1890.914 ; gain = 0.000 ; free physical = 2382 ; free virtual = 8315
INFO: [Opt 31-389] Phase Shift Register Optimization created 0 cells and removed 0 cells

Phase 6 Post Processing Netlist
Phase 6 Post Processing Netlist | Checksum: 13d230246

Time (s): cpu = 00:00:00.05 ; elapsed = 00:00:00.11 . Memory (MB): peak = 1890.914 ; gain = 0.000 ; free physical = 2382 ; free virtual = 8315
INFO: [Opt 31-389] Phase Post Processing Netlist created 0 cells and removed 0 cells

Starting Connectivity Check Task

Time (s): cpu = 00:00:00 ; elapsed = 00:00:00 . Memory (MB): peak = 1890.914 ; gain = 0.000 ; free physical = 2382 ; free virtual = 8315
Ending Logic Optimization Task | Checksum: 13d230246

Time (s): cpu = 00:00:00.05 ; elapsed = 00:00:00.11 . Memory (MB): peak = 1890.914 ; gain = 0.000 ; free physical = 2382 ; free virtual = 8315

Starting Power Optimization Task
INFO: [Pwropt 34-132] Skipping clock gating for clocks with a period < 2.00 ns.
Ending Power Optimization Task | Checksum: 13d230246

Time (s): cpu = 00:00:00.01 ; elapsed = 00:00:00.02 . Memory (MB): peak = 1890.914 ; gain = 0.000 ; free physical = 2381 ; free virtual = 8315

Starting Final Cleanup Task
Ending Final Cleanup Task | Checksum: 13d230246

Time (s): cpu = 00:00:00 ; elapsed = 00:00:00 . Memory (MB): peak = 1890.914 ; gain = 0.000 ; free physical = 2381 ; free virtual = 8315
INFO: [Common 17-83] Releasing license: Implementation
22 Infos, 0 Warnings, 0 Critical Warnings and 0 Errors encountered.
opt_design completed successfully
opt_design: Time (s): cpu = 00:00:14 ; elapsed = 00:00:29 . Memory (MB): peak = 1890.914 ; gain = 479.578 ; free physical = 2381 ; free virtual = 8315
WARNING: [Constraints 18-5210] No constraint will be written out.
INFO: [Common 17-1381] The checkpoint '/home/mlenehan/prandom/prandom.runs/impl_1/lfsr_opt.dcp' has been generated.
INFO: [runtcl-4] Executing : report_drc -file lfsr_drc_opted.rpt -pb lfsr_drc_opted.pb -rpx lfsr_drc_opted.rpx
Command: report_drc -file lfsr_drc_opted.rpt -pb lfsr_drc_opted.pb -rpx lfsr_drc_opted.rpx
INFO: [IP_Flow 19-234] Refreshing IP repositories
INFO: [IP_Flow 19-1704] No user IP repositories specified
INFO: [IP_Flow 19-2313] Loaded Vivado IP repository '/opt/Xilinx/Vivado/2018.2/data/ip'.
INFO: [DRC 23-27] Running DRC with 4 threads
INFO: [Coretcl 2-168] The results of DRC are in file /home/mlenehan/prandom/prandom.runs/impl_1/lfsr_drc_opted.rpt.
report_drc completed successfully
Command: place_design
Attempting to get a license for feature 'Implementation' and/or device 'xc7z010i'
INFO: [Common 17-349] Got license for feature 'Implementation' and/or device 'xc7z010i'
INFO: [DRC 23-27] Running DRC with 4 threads
INFO: [Vivado_Tcl 4-198] DRC finished with 0 Errors
INFO: [Vivado_Tcl 4-199] Please refer to the DRC report (report_drc) for more information.
Running DRC as a precondition to command place_design
INFO: [DRC 23-27] Running DRC with 4 threads
INFO: [Vivado_Tcl 4-198] DRC finished with 0 Errors
INFO: [Vivado_Tcl 4-199] Please refer to the DRC report (report_drc) for more information.

Starting Placer Task
INFO: [Place 30-611] Multithreading enabled for place_design using a maximum of 4 CPUs

Phase 1 Placer Initialization

Phase 1.1 Placer Initialization Netlist Sorting
Netlist sorting complete. Time (s): cpu = 00:00:00 ; elapsed = 00:00:00 . Memory (MB): peak = 1930.934 ; gain = 0.000 ; free physical = 2350 ; free virtual = 8284
Phase 1.1 Placer Initialization Netlist Sorting | Checksum: 7bd1e067

Time (s): cpu = 00:00:00 ; elapsed = 00:00:00.07 . Memory (MB): peak = 1930.934 ; gain = 0.000 ; free physical = 2350 ; free virtual = 8284
Netlist sorting complete. Time (s): cpu = 00:00:00 ; elapsed = 00:00:00 . Memory (MB): peak = 1930.934 ; gain = 0.000 ; free physical = 2350 ; free virtual = 8284

Phase 1.2 IO Placement/ Clock Placement/ Build Placer Device
INFO: [Timing 38-35] Done setting XDC timing constraints.
Phase 1.2 IO Placement/ Clock Placement/ Build Placer Device | Checksum: 163d381d4

Time (s): cpu = 00:00:00.89 ; elapsed = 00:00:00.62 . Memory (MB): peak = 1932.930 ; gain = 1.996 ; free physical = 2345 ; free virtual = 8284

Phase 1.3 Build Placer Netlist Model
Phase 1.3 Build Placer Netlist Model | Checksum: 1e8296f68

Time (s): cpu = 00:00:00.99 ; elapsed = 00:00:00.69 . Memory (MB): peak = 1932.930 ; gain = 1.996 ; free physical = 2345 ; free virtual = 8284

Phase 1.4 Constrain Clocks/Macros
Phase 1.4 Constrain Clocks/Macros | Checksum: 1e8296f68

Time (s): cpu = 00:00:01 ; elapsed = 00:00:00.70 . Memory (MB): peak = 1932.930 ; gain = 1.996 ; free physical = 2345 ; free virtual = 8284
Phase 1 Placer Initialization | Checksum: 1e8296f68

Time (s): cpu = 00:00:01 ; elapsed = 00:00:00.70 . Memory (MB): peak = 1932.930 ; gain = 1.996 ; free physical = 2345 ; free virtual = 8284

Phase 2 Global Placement

Phase 2.1 Floorplanning
Phase 2.1 Floorplanning | Checksum: 1e8296f68

Time (s): cpu = 00:00:01 ; elapsed = 00:00:00.72 . Memory (MB): peak = 1932.930 ; gain = 1.996 ; free physical = 2345 ; free virtual = 8284
WARNING: [Place 46-29] place_design is not in timing mode. Skip physical synthesis in placer
Phase 2 Global Placement | Checksum: 1ce34f53e

Time (s): cpu = 00:00:02 ; elapsed = 00:00:00.96 . Memory (MB): peak = 1996.961 ; gain = 66.027 ; free physical = 2341 ; free virtual = 8280

Phase 3 Detail Placement

Phase 3.1 Commit Multi Column Macros
Phase 3.1 Commit Multi Column Macros | Checksum: 1ce34f53e

Time (s): cpu = 00:00:02 ; elapsed = 00:00:00.96 . Memory (MB): peak = 1996.961 ; gain = 66.027 ; free physical = 2341 ; free virtual = 8280

Phase 3.2 Commit Most Macros & LUTRAMs
Phase 3.2 Commit Most Macros & LUTRAMs | Checksum: 224c25fe8

Time (s): cpu = 00:00:02 ; elapsed = 00:00:00.99 . Memory (MB): peak = 1996.961 ; gain = 66.027 ; free physical = 2341 ; free virtual = 8280

Phase 3.3 Area Swap Optimization
Phase 3.3 Area Swap Optimization | Checksum: 1d9ecc3b2

Time (s): cpu = 00:00:02 ; elapsed = 00:00:01 . Memory (MB): peak = 1996.961 ; gain = 66.027 ; free physical = 2341 ; free virtual = 8280

Phase 3.4 Pipeline Register Optimization
Phase 3.4 Pipeline Register Optimization | Checksum: 1d9ecc3b2

Time (s): cpu = 00:00:02 ; elapsed = 00:00:01 . Memory (MB): peak = 1996.961 ; gain = 66.027 ; free physical = 2341 ; free virtual = 8280

Phase 3.5 Small Shape Detail Placement
Phase 3.5 Small Shape Detail Placement | Checksum: 112de12ab

Time (s): cpu = 00:00:02 ; elapsed = 00:00:01 . Memory (MB): peak = 1996.961 ; gain = 66.027 ; free physical = 2339 ; free virtual = 8279

Phase 3.6 Re-assign LUT pins
Phase 3.6 Re-assign LUT pins | Checksum: 112de12ab

Time (s): cpu = 00:00:02 ; elapsed = 00:00:01 . Memory (MB): peak = 1996.961 ; gain = 66.027 ; free physical = 2339 ; free virtual = 8279

Phase 3.7 Pipeline Register Optimization
Phase 3.7 Pipeline Register Optimization | Checksum: 112de12ab

Time (s): cpu = 00:00:02 ; elapsed = 00:00:01 . Memory (MB): peak = 1996.961 ; gain = 66.027 ; free physical = 2339 ; free virtual = 8279
Phase 3 Detail Placement | Checksum: 112de12ab

Time (s): cpu = 00:00:02 ; elapsed = 00:00:01 . Memory (MB): peak = 1996.961 ; gain = 66.027 ; free physical = 2339 ; free virtual = 8279

Phase 4 Post Placement Optimization and Clean-Up

Phase 4.1 Post Commit Optimization
Phase 4.1 Post Commit Optimization | Checksum: 112de12ab

Time (s): cpu = 00:00:02 ; elapsed = 00:00:01 . Memory (MB): peak = 1996.961 ; gain = 66.027 ; free physical = 2339 ; free virtual = 8279

Phase 4.2 Post Placement Cleanup
Phase 4.2 Post Placement Cleanup | Checksum: 112de12ab

Time (s): cpu = 00:00:02 ; elapsed = 00:00:01 . Memory (MB): peak = 1996.961 ; gain = 66.027 ; free physical = 2339 ; free virtual = 8279

Phase 4.3 Placer Reporting
Phase 4.3 Placer Reporting | Checksum: 112de12ab

Time (s): cpu = 00:00:02 ; elapsed = 00:00:01 . Memory (MB): peak = 1996.961 ; gain = 66.027 ; free physical = 2339 ; free virtual = 8279

Phase 4.4 Final Placement Cleanup
Phase 4.4 Final Placement Cleanup | Checksum: 10a98e5fc

Time (s): cpu = 00:00:02 ; elapsed = 00:00:01 . Memory (MB): peak = 1996.961 ; gain = 66.027 ; free physical = 2339 ; free virtual = 8279
Phase 4 Post Placement Optimization and Clean-Up | Checksum: 10a98e5fc

Time (s): cpu = 00:00:02 ; elapsed = 00:00:01 . Memory (MB): peak = 1996.961 ; gain = 66.027 ; free physical = 2339 ; free virtual = 8279
Ending Placer Task | Checksum: 10a70e915

Time (s): cpu = 00:00:02 ; elapsed = 00:00:01 . Memory (MB): peak = 1996.961 ; gain = 66.027 ; free physical = 2341 ; free virtual = 8280
INFO: [Common 17-83] Releasing license: Implementation
39 Infos, 2 Warnings, 0 Critical Warnings and 0 Errors encountered.
place_design completed successfully
WARNING: [Constraints 18-5210] No constraint will be written out.
Writing placer database...
Writing XDEF routing.
Writing XDEF routing logical nets.
Writing XDEF routing special nets.
Write XDEF Complete: Time (s): cpu = 00:00:00.12 ; elapsed = 00:00:00.22 . Memory (MB): peak = 1996.961 ; gain = 0.000 ; free physical = 2332 ; free virtual = 8273
INFO: [Common 17-1381] The checkpoint '/home/mlenehan/prandom/prandom.runs/impl_1/lfsr_placed.dcp' has been generated.
INFO: [runtcl-4] Executing : report_io -file lfsr_io_placed.rpt
report_io: Time (s): cpu = 00:00:00.09 ; elapsed = 00:00:00.12 . Memory (MB): peak = 1996.961 ; gain = 0.000 ; free physical = 2326 ; free virtual = 8266
INFO: [runtcl-4] Executing : report_utilization -file lfsr_utilization_placed.rpt -pb lfsr_utilization_placed.pb
report_utilization: Time (s): cpu = 00:00:00.10 ; elapsed = 00:00:00.12 . Memory (MB): peak = 1996.961 ; gain = 0.000 ; free physical = 2331 ; free virtual = 8271
INFO: [runtcl-4] Executing : report_control_sets -verbose -file lfsr_control_sets_placed.rpt
report_control_sets: Time (s): cpu = 00:00:00.07 ; elapsed = 00:00:00.09 . Memory (MB): peak = 1996.961 ; gain = 0.000 ; free physical = 2331 ; free virtual = 8271
Command: route_design
Attempting to get a license for feature 'Implementation' and/or device 'xc7z010i'
INFO: [Common 17-349] Got license for feature 'Implementation' and/or device 'xc7z010i'
Running DRC as a precondition to command route_design
INFO: [DRC 23-27] Running DRC with 4 threads
INFO: [Vivado_Tcl 4-198] DRC finished with 0 Errors
INFO: [Vivado_Tcl 4-199] Please refer to the DRC report (report_drc) for more information.


Starting Routing Task
INFO: [Route 35-254] Multithreading enabled for route_design using a maximum of 4 CPUs
Checksum: PlaceDB: 8e9f08ae ConstDB: 0 ShapeSum: 7bd1e067 RouteDB: 0

Phase 1 Build RT Design
Phase 1 Build RT Design | Checksum: 14acee033

Time (s): cpu = 00:00:11 ; elapsed = 00:00:10 . Memory (MB): peak = 2027.945 ; gain = 30.984 ; free physical = 2169 ; free virtual = 8124
Post Restoration Checksum: NetGraph: 9fb05c76 NumContArr: ab1e83bd Constraints: 0 Timing: 0

Phase 2 Router Initialization
INFO: [Route 35-64] No timing constraints were detected. The router will operate in resource-optimization mode.

Phase 2.1 Fix Topology Constraints
Phase 2.1 Fix Topology Constraints | Checksum: 14acee033

Time (s): cpu = 00:00:11 ; elapsed = 00:00:10 . Memory (MB): peak = 2042.945 ; gain = 45.984 ; free physical = 2153 ; free virtual = 8108

Phase 2.2 Pre Route Cleanup
Phase 2.2 Pre Route Cleanup | Checksum: 14acee033

Time (s): cpu = 00:00:11 ; elapsed = 00:00:10 . Memory (MB): peak = 2042.945 ; gain = 45.984 ; free physical = 2153 ; free virtual = 8108
 Number of Nodes with overlaps = 0
Phase 2 Router Initialization | Checksum: 1a73e2ee0

Time (s): cpu = 00:00:11 ; elapsed = 00:00:10 . Memory (MB): peak = 2047.945 ; gain = 50.984 ; free physical = 2147 ; free virtual = 8102

Phase 3 Initial Routing
Phase 3 Initial Routing | Checksum: 9d320a0b

Time (s): cpu = 00:00:12 ; elapsed = 00:00:10 . Memory (MB): peak = 2047.945 ; gain = 50.984 ; free physical = 2120 ; free virtual = 8075

Phase 4 Rip-up And Reroute

Phase 4.1 Global Iteration 0
 Number of Nodes with overlaps = 0
Phase 4.1 Global Iteration 0 | Checksum: 10ec91b31

Time (s): cpu = 00:00:12 ; elapsed = 00:00:10 . Memory (MB): peak = 2047.945 ; gain = 50.984 ; free physical = 2120 ; free virtual = 8075
Phase 4 Rip-up And Reroute | Checksum: 10ec91b31

Time (s): cpu = 00:00:12 ; elapsed = 00:00:10 . Memory (MB): peak = 2047.945 ; gain = 50.984 ; free physical = 2120 ; free virtual = 8075

Phase 5 Delay and Skew Optimization
Phase 5 Delay and Skew Optimization | Checksum: 10ec91b31

Time (s): cpu = 00:00:12 ; elapsed = 00:00:10 . Memory (MB): peak = 2047.945 ; gain = 50.984 ; free physical = 2120 ; free virtual = 8075

Phase 6 Post Hold Fix

Phase 6.1 Hold Fix Iter
Phase 6.1 Hold Fix Iter | Checksum: 10ec91b31

Time (s): cpu = 00:00:12 ; elapsed = 00:00:10 . Memory (MB): peak = 2047.945 ; gain = 50.984 ; free physical = 2120 ; free virtual = 8075
Phase 6 Post Hold Fix | Checksum: 10ec91b31

Time (s): cpu = 00:00:12 ; elapsed = 00:00:10 . Memory (MB): peak = 2047.945 ; gain = 50.984 ; free physical = 2120 ; free virtual = 8075

Phase 7 Route finalize

Router Utilization Summary
  Global Vertical Routing Utilization    = 0.00802365 %
  Global Horizontal Routing Utilization  = 0.0110294 %
  Routable Net Status*
  *Does not include unroutable nets such as driverless and loadless.
  Run report_route_status for detailed report.
  Number of Failed Nets               = 0
  Number of Unrouted Nets             = 0
  Number of Partially Routed Nets     = 0
  Number of Node Overlaps             = 0

Congestion Report
North Dir 1x1 Area, Max Cong = 5.40541%, No Congested Regions.
South Dir 1x1 Area, Max Cong = 5.40541%, No Congested Regions.
East Dir 1x1 Area, Max Cong = 5.88235%, No Congested Regions.
West Dir 1x1 Area, Max Cong = 2.94118%, No Congested Regions.

------------------------------
Reporting congestion hotspots
------------------------------
Direction: North
----------------
Congested clusters found at Level 0
Effective congestion level: 0 Aspect Ratio: 1 Sparse Ratio: 0
Direction: South
----------------
Congested clusters found at Level 0
Effective congestion level: 0 Aspect Ratio: 1 Sparse Ratio: 0
Direction: East
----------------
Congested clusters found at Level 0
Effective congestion level: 0 Aspect Ratio: 1 Sparse Ratio: 0
Direction: West
----------------
Congested clusters found at Level 0
Effective congestion level: 0 Aspect Ratio: 1 Sparse Ratio: 0

Phase 7 Route finalize | Checksum: 10ec91b31

Time (s): cpu = 00:00:12 ; elapsed = 00:00:10 . Memory (MB): peak = 2047.945 ; gain = 50.984 ; free physical = 2156 ; free virtual = 8111

Phase 8 Verifying routed nets

 Verification completed successfully
Phase 8 Verifying routed nets | Checksum: 10ec91b31

Time (s): cpu = 00:00:12 ; elapsed = 00:00:10 . Memory (MB): peak = 2049.945 ; gain = 52.984 ; free physical = 2156 ; free virtual = 8111

Phase 9 Depositing Routes
Phase 9 Depositing Routes | Checksum: 16014604b

Time (s): cpu = 00:00:12 ; elapsed = 00:00:10 . Memory (MB): peak = 2049.945 ; gain = 52.984 ; free physical = 2155 ; free virtual = 8111
INFO: [Route 35-16] Router Completed Successfully

Time (s): cpu = 00:00:12 ; elapsed = 00:00:10 . Memory (MB): peak = 2049.945 ; gain = 52.984 ; free physical = 2171 ; free virtual = 8126

Routing Is Done.
INFO: [Common 17-83] Releasing license: Implementation
51 Infos, 3 Warnings, 0 Critical Warnings and 0 Errors encountered.
route_design completed successfully
route_design: Time (s): cpu = 00:00:14 ; elapsed = 00:00:12 . Memory (MB): peak = 2049.945 ; gain = 52.984 ; free physical = 2171 ; free virtual = 8126
WARNING: [Constraints 18-5210] No constraint will be written out.
Writing placer database...
Writing XDEF routing.
Writing XDEF routing logical nets.
Writing XDEF routing special nets.
Write XDEF Complete: Time (s): cpu = 00:00:00.03 ; elapsed = 00:00:00.02 . Memory (MB): peak = 2049.945 ; gain = 0.000 ; free physical = 2170 ; free virtual = 8127
INFO: [Common 17-1381] The checkpoint '/home/mlenehan/prandom/prandom.runs/impl_1/lfsr_routed.dcp' has been generated.
INFO: [runtcl-4] Executing : report_drc -file lfsr_drc_routed.rpt -pb lfsr_drc_routed.pb -rpx lfsr_drc_routed.rpx
Command: report_drc -file lfsr_drc_routed.rpt -pb lfsr_drc_routed.pb -rpx lfsr_drc_routed.rpx
INFO: [DRC 23-27] Running DRC with 4 threads
INFO: [Coretcl 2-168] The results of DRC are in file /home/mlenehan/prandom/prandom.runs/impl_1/lfsr_drc_routed.rpt.
report_drc completed successfully
INFO: [runtcl-4] Executing : report_methodology -file lfsr_methodology_drc_routed.rpt -pb lfsr_methodology_drc_routed.pb -rpx lfsr_methodology_drc_routed.rpx
Command: report_methodology -file lfsr_methodology_drc_routed.rpt -pb lfsr_methodology_drc_routed.pb -rpx lfsr_methodology_drc_routed.rpx
INFO: [Timing 38-35] Done setting XDC timing constraints.
INFO: [Timing 38-35] Done setting XDC timing constraints.
INFO: [DRC 23-133] Running Methodology with 4 threads
INFO: [Coretcl 2-1520] The results of Report Methodology are in file /home/mlenehan/prandom/prandom.runs/impl_1/lfsr_methodology_drc_routed.rpt.
report_methodology completed successfully
INFO: [runtcl-4] Executing : report_power -file lfsr_power_routed.rpt -pb lfsr_power_summary_routed.pb -rpx lfsr_power_routed.rpx
Command: report_power -file lfsr_power_routed.rpt -pb lfsr_power_summary_routed.pb -rpx lfsr_power_routed.rpx
WARNING: [Power 33-232] No user defined clocks were found in the design!
Resolution: Please specify clocks using create_clock/create_generated_clock for sequential elements. For pure combinatorial circuits, please specify a virtual clock, otherwise the vectorless estimation might be inaccurate
INFO: [Timing 38-35] Done setting XDC timing constraints.
Running Vector-less Activity Propagation...

Finished Running Vector-less Activity Propagation
62 Infos, 5 Warnings, 0 Critical Warnings and 0 Errors encountered.
report_power completed successfully
INFO: [runtcl-4] Executing : report_route_status -file lfsr_route_status.rpt -pb lfsr_route_status.pb
INFO: [runtcl-4] Executing : report_timing_summary -max_paths 10 -file lfsr_timing_summary_routed.rpt -pb lfsr_timing_summary_routed.pb -rpx lfsr_timing_summary_routed.rpx -warn_on_violation 
INFO: [Timing 38-91] UpdateTimingParams: Speed grade: -1L, Delay Type: min_max, Timing Stage: Requireds.
INFO: [Timing 38-191] Multithreading enabled for timing update using a maximum of 4 CPUs
WARNING: [Timing 38-313] There are no user specified timing constraints. Timing constraints are needed for proper timing analysis.
INFO: [runtcl-4] Executing : report_incremental_reuse -file lfsr_incremental_reuse_routed.rpt
INFO: [Vivado_Tcl 4-545] No incremental reuse to report, no incremental placement and routing data was found.
INFO: [runtcl-4] Executing : report_clock_utilization -file lfsr_clock_utilization_routed.rpt
INFO: [runtcl-4] Executing : report_bus_skew -warn_on_violation -file lfsr_bus_skew_routed.rpt -pb lfsr_bus_skew_routed.pb -rpx lfsr_bus_skew_routed.rpx
INFO: [Timing 38-91] UpdateTimingParams: Speed grade: -1L, Delay Type: min_max, Timing Stage: Requireds.
INFO: [Timing 38-191] Multithreading enabled for timing update using a maximum of 4 CPUs
INFO: [Common 17-206] Exiting Vivado at Wed Oct 17 16:59:28 2018...
