INFO: [VRFC 10-2263] Analyzing Verilog file "/home/mlenehan/prandom/prandom.sim/sim_1/impl/timing/xsim/testprbs_time_impl.v" into library xil_defaultlib
INFO: [VRFC 10-311] analyzing module dff
INFO: [VRFC 10-311] analyzing module dff_0
INFO: [VRFC 10-311] analyzing module dff_1
INFO: [VRFC 10-311] analyzing module dff_10
INFO: [VRFC 10-311] analyzing module dff_11
INFO: [VRFC 10-311] analyzing module dff_12
INFO: [VRFC 10-311] analyzing module dff_13
INFO: [VRFC 10-311] analyzing module dff_14
INFO: [VRFC 10-311] analyzing module dff_2
INFO: [VRFC 10-311] analyzing module dff_3
INFO: [VRFC 10-311] analyzing module dff_4
INFO: [VRFC 10-311] analyzing module dff_5
INFO: [VRFC 10-311] analyzing module dff_6
INFO: [VRFC 10-311] analyzing module dff_7
INFO: [VRFC 10-311] analyzing module dff_8
INFO: [VRFC 10-311] analyzing module dff_9
INFO: [VRFC 10-311] analyzing module lfsr
INFO: [VRFC 10-311] analyzing module glbl
INFO: [VRFC 10-163] Analyzing VHDL file "/home/mlenehan/prandom/prandom.srcs/sim_1/new/tb_random.vhd" into library xil_defaultlib
INFO: [VRFC 10-307] analyzing entity testprbs
