Vivado Simulator 2018.2
Copyright 1986-1999, 2001-2018 Xilinx, Inc. All Rights Reserved.
Running: /opt/Xilinx/Vivado/2018.2/bin/unwrapped/lnx64.o/xelab -wto fde9a62fe7f7484fba2b8171288b8664 --incr --debug typical --relax --mt 8 -L xil_defaultlib -L secureip --snapshot tb_Crypto_behav xil_defaultlib.tb_Crypto -log elaborate.log 
Using 8 slave threads.
Starting static elaboration
Completed static elaboration
Starting simulation data flow analysis
Completed simulation data flow analysis
Time Resolution for simulation is 1ps
Compiling package std.standard
Compiling package std.textio
Compiling package ieee.std_logic_1164
Compiling package ieee.numeric_std
Compiling architecture behavioral of entity xil_defaultlib.register_file [register_file_default]
Compiling architecture behavioral of entity xil_defaultlib.CtrlDecoder [ctrldecoder_default]
Compiling architecture behavioral of entity xil_defaultlib.ALU [alu_default]
Compiling architecture behavioral of entity xil_defaultlib.Shifter [shifter_default]
Compiling architecture behavioral of entity xil_defaultlib.LUT [lut_default]
Compiling architecture structural_view of entity xil_defaultlib.CombinationalLogic [combinationallogic_default]
Compiling architecture behavioral of entity xil_defaultlib.CompleteCrypto [completecrypto_default]
Compiling architecture behavioral of entity xil_defaultlib.stimgen3 [\stimgen3(clock_period=20000)\]
Compiling architecture struct of entity xil_defaultlib.tb_crypto
Built simulation snapshot tb_Crypto_behav
