
*** Running vivado
    with args -log oneBitFullAdder.vdi -applog -m64 -product Vivado -messageDb vivado.pb -mode batch -source oneBitFullAdder.tcl -notrace


****** Vivado v2018.2 (64-bit)
  **** SW Build 2258646 on Thu Jun 14 20:02:38 MDT 2018
  **** IP Build 2256618 on Thu Jun 14 22:10:49 MDT 2018
    ** Copyright 1986-2018 Xilinx, Inc. All Rights Reserved.

source oneBitFullAdder.tcl -notrace
Command: link_design -top oneBitFullAdder -part xc7z010iclg225-1L
Design is defaulting to srcset: sources_1
Design is defaulting to constrset: constrs_1
INFO: [Netlist 29-17] Analyzing 3 Unisim elements for replacement
INFO: [Netlist 29-28] Unisim Transformation completed in 0 CPU seconds
INFO: [Project 1-479] Netlist was created with Vivado 2018.2
INFO: [Device 21-403] Loading part xc7z010iclg225-1L
INFO: [Project 1-570] Preparing netlist for logic optimization
INFO: [Project 1-111] Unisim Transformation Summary:
No Unisim elements were transformed.

6 Infos, 0 Warnings, 0 Critical Warnings and 0 Errors encountered.
link_design completed successfully
link_design: Time (s): cpu = 00:00:08 ; elapsed = 00:00:23 . Memory (MB): peak = 1411.332 ; gain = 219.562 ; free physical = 6113 ; free virtual = 10817
Command: opt_design
Attempting to get a license for feature 'Implementation' and/or device 'xc7z010i'
INFO: [Common 17-349] Got license for feature 'Implementation' and/or device 'xc7z010i'
Running DRC as a precondition to command opt_design

Starting DRC Task
INFO: [DRC 23-27] Running DRC with 4 threads
INFO: [Project 1-461] DRC finished with 0 Errors
INFO: [Project 1-462] Please refer to the DRC report (report_drc) for more information.

Time (s): cpu = 00:00:00.14 ; elapsed = 00:00:00.29 . Memory (MB): peak = 1450.348 ; gain = 39.016 ; free physical = 6110 ; free virtual = 10814

Starting Cache Timing Information Task
INFO: [Timing 38-35] Done setting XDC timing constraints.
Ending Cache Timing Information Task | Checksum: 1e036ee54

Time (s): cpu = 00:00:10 ; elapsed = 00:00:23 . Memory (MB): peak = 1864.910 ; gain = 414.562 ; free physical = 5717 ; free virtual = 10444

Starting Logic Optimization Task

Phase 1 Retarget
INFO: [Opt 31-138] Pushed 0 inverter(s) to 0 load pin(s).
INFO: [Opt 31-49] Retargeted 0 cell(s).
Phase 1 Retarget | Checksum: 1e036ee54

Time (s): cpu = 00:00:00.04 ; elapsed = 00:00:00.08 . Memory (MB): peak = 1864.910 ; gain = 0.000 ; free physical = 5716 ; free virtual = 10444
INFO: [Opt 31-389] Phase Retarget created 0 cells and removed 0 cells

Phase 2 Constant propagation
INFO: [Opt 31-138] Pushed 0 inverter(s) to 0 load pin(s).
Phase 2 Constant propagation | Checksum: 1e036ee54

Time (s): cpu = 00:00:00.04 ; elapsed = 00:00:00.08 . Memory (MB): peak = 1864.910 ; gain = 0.000 ; free physical = 5716 ; free virtual = 10444
INFO: [Opt 31-389] Phase Constant propagation created 0 cells and removed 0 cells

Phase 3 Sweep
Phase 3 Sweep | Checksum: 1e036ee54

Time (s): cpu = 00:00:00.04 ; elapsed = 00:00:00.09 . Memory (MB): peak = 1864.910 ; gain = 0.000 ; free physical = 5716 ; free virtual = 10444
INFO: [Opt 31-389] Phase Sweep created 0 cells and removed 0 cells

Phase 4 BUFG optimization
Phase 4 BUFG optimization | Checksum: 1e036ee54

Time (s): cpu = 00:00:00.04 ; elapsed = 00:00:00.09 . Memory (MB): peak = 1864.910 ; gain = 0.000 ; free physical = 5716 ; free virtual = 10444
INFO: [Opt 31-662] Phase BUFG optimization created 0 cells of which 0 are BUFGs and removed 0 cells.

Phase 5 Shift Register Optimization
Phase 5 Shift Register Optimization | Checksum: 1e036ee54

Time (s): cpu = 00:00:00.04 ; elapsed = 00:00:00.09 . Memory (MB): peak = 1864.910 ; gain = 0.000 ; free physical = 5716 ; free virtual = 10444
INFO: [Opt 31-389] Phase Shift Register Optimization created 0 cells and removed 0 cells

Phase 6 Post Processing Netlist
Phase 6 Post Processing Netlist | Checksum: 1e036ee54

Time (s): cpu = 00:00:00.04 ; elapsed = 00:00:00.09 . Memory (MB): peak = 1864.910 ; gain = 0.000 ; free physical = 5716 ; free virtual = 10444
INFO: [Opt 31-389] Phase Post Processing Netlist created 0 cells and removed 0 cells

Starting Connectivity Check Task

Time (s): cpu = 00:00:00 ; elapsed = 00:00:00 . Memory (MB): peak = 1864.910 ; gain = 0.000 ; free physical = 5716 ; free virtual = 10444
Ending Logic Optimization Task | Checksum: 1e036ee54

Time (s): cpu = 00:00:00.05 ; elapsed = 00:00:00.09 . Memory (MB): peak = 1864.910 ; gain = 0.000 ; free physical = 5716 ; free virtual = 10444

Starting Power Optimization Task
INFO: [Pwropt 34-132] Skipping clock gating for clocks with a period < 2.00 ns.
Ending Power Optimization Task | Checksum: 1e036ee54

Time (s): cpu = 00:00:00.01 ; elapsed = 00:00:00.06 . Memory (MB): peak = 1864.910 ; gain = 0.000 ; free physical = 5716 ; free virtual = 10443

Starting Final Cleanup Task
Ending Final Cleanup Task | Checksum: 1e036ee54

Time (s): cpu = 00:00:00 ; elapsed = 00:00:00 . Memory (MB): peak = 1864.910 ; gain = 0.000 ; free physical = 5716 ; free virtual = 10443
INFO: [Common 17-83] Releasing license: Implementation
22 Infos, 0 Warnings, 0 Critical Warnings and 0 Errors encountered.
opt_design completed successfully
opt_design: Time (s): cpu = 00:00:10 ; elapsed = 00:00:23 . Memory (MB): peak = 1864.910 ; gain = 453.578 ; free physical = 5716 ; free virtual = 10443
WARNING: [Constraints 18-5210] No constraint will be written out.
INFO: [Common 17-1381] The checkpoint '/home/mlenehan/Documents/Michael/ECE/ECE4/EE496/Assignment1/OneBitFullAdder/OneBitFullAdder.runs/impl_1/oneBitFullAdder_opt.dcp' has been generated.
INFO: [runtcl-4] Executing : report_drc -file oneBitFullAdder_drc_opted.rpt -pb oneBitFullAdder_drc_opted.pb -rpx oneBitFullAdder_drc_opted.rpx
Command: report_drc -file oneBitFullAdder_drc_opted.rpt -pb oneBitFullAdder_drc_opted.pb -rpx oneBitFullAdder_drc_opted.rpx
INFO: [IP_Flow 19-234] Refreshing IP repositories
INFO: [IP_Flow 19-1704] No user IP repositories specified
INFO: [IP_Flow 19-2313] Loaded Vivado IP repository '/opt/Xilinx/Vivado/2018.2/data/ip'.
INFO: [DRC 23-27] Running DRC with 4 threads
INFO: [Coretcl 2-168] The results of DRC are in file /home/mlenehan/Documents/Michael/ECE/ECE4/EE496/Assignment1/OneBitFullAdder/OneBitFullAdder.runs/impl_1/oneBitFullAdder_drc_opted.rpt.
report_drc completed successfully
Command: place_design
Attempting to get a license for feature 'Implementation' and/or device 'xc7z010i'
INFO: [Common 17-349] Got license for feature 'Implementation' and/or device 'xc7z010i'
INFO: [DRC 23-27] Running DRC with 4 threads
INFO: [Vivado_Tcl 4-198] DRC finished with 0 Errors
INFO: [Vivado_Tcl 4-199] Please refer to the DRC report (report_drc) for more information.
Running DRC as a precondition to command place_design
INFO: [DRC 23-27] Running DRC with 4 threads
INFO: [Vivado_Tcl 4-198] DRC finished with 0 Errors
INFO: [Vivado_Tcl 4-199] Please refer to the DRC report (report_drc) for more information.

Starting Placer Task
INFO: [Place 30-611] Multithreading enabled for place_design using a maximum of 4 CPUs

Phase 1 Placer Initialization

Phase 1.1 Placer Initialization Netlist Sorting
Netlist sorting complete. Time (s): cpu = 00:00:00 ; elapsed = 00:00:00 . Memory (MB): peak = 1904.930 ; gain = 0.000 ; free physical = 5676 ; free virtual = 10413
Phase 1.1 Placer Initialization Netlist Sorting | Checksum: f07f2896

Time (s): cpu = 00:00:00.01 ; elapsed = 00:00:00.06 . Memory (MB): peak = 1904.930 ; gain = 0.000 ; free physical = 5676 ; free virtual = 10413
Netlist sorting complete. Time (s): cpu = 00:00:00 ; elapsed = 00:00:00 . Memory (MB): peak = 1904.930 ; gain = 0.000 ; free physical = 5676 ; free virtual = 10413

Phase 1.2 IO Placement/ Clock Placement/ Build Placer Device
INFO: [Timing 38-35] Done setting XDC timing constraints.
Phase 1.2 IO Placement/ Clock Placement/ Build Placer Device | Checksum: 1beed508d

Time (s): cpu = 00:00:00.45 ; elapsed = 00:00:00.40 . Memory (MB): peak = 1913.926 ; gain = 8.996 ; free physical = 5671 ; free virtual = 10411

Phase 1.3 Build Placer Netlist Model
Phase 1.3 Build Placer Netlist Model | Checksum: 221797471

Time (s): cpu = 00:00:00.55 ; elapsed = 00:00:00.46 . Memory (MB): peak = 1913.926 ; gain = 8.996 ; free physical = 5670 ; free virtual = 10411

Phase 1.4 Constrain Clocks/Macros
Phase 1.4 Constrain Clocks/Macros | Checksum: 221797471

Time (s): cpu = 00:00:00.56 ; elapsed = 00:00:00.46 . Memory (MB): peak = 1913.926 ; gain = 8.996 ; free physical = 5670 ; free virtual = 10411
Phase 1 Placer Initialization | Checksum: 221797471

Time (s): cpu = 00:00:00.56 ; elapsed = 00:00:00.46 . Memory (MB): peak = 1913.926 ; gain = 8.996 ; free physical = 5670 ; free virtual = 10411

Phase 2 Global Placement

Phase 2.1 Floorplanning
Phase 2.1 Floorplanning | Checksum: 221797471

Time (s): cpu = 00:00:00.58 ; elapsed = 00:00:00.48 . Memory (MB): peak = 1913.926 ; gain = 8.996 ; free physical = 5670 ; free virtual = 10411
WARNING: [Place 46-29] place_design is not in timing mode. Skip physical synthesis in placer
Phase 2 Global Placement | Checksum: 1ca559196

Time (s): cpu = 00:00:01 ; elapsed = 00:00:00.72 . Memory (MB): peak = 1969.953 ; gain = 65.023 ; free physical = 5666 ; free virtual = 10408

Phase 3 Detail Placement

Phase 3.1 Commit Multi Column Macros
Phase 3.1 Commit Multi Column Macros | Checksum: 1ca559196

Time (s): cpu = 00:00:01 ; elapsed = 00:00:00.72 . Memory (MB): peak = 1969.953 ; gain = 65.023 ; free physical = 5666 ; free virtual = 10408

Phase 3.2 Commit Most Macros & LUTRAMs
Phase 3.2 Commit Most Macros & LUTRAMs | Checksum: 27263c01e

Time (s): cpu = 00:00:01 ; elapsed = 00:00:00.74 . Memory (MB): peak = 1969.953 ; gain = 65.023 ; free physical = 5666 ; free virtual = 10408

Phase 3.3 Area Swap Optimization
Phase 3.3 Area Swap Optimization | Checksum: 1ca559196

Time (s): cpu = 00:00:01 ; elapsed = 00:00:00.75 . Memory (MB): peak = 1969.953 ; gain = 65.023 ; free physical = 5666 ; free virtual = 10408

Phase 3.4 Pipeline Register Optimization
Phase 3.4 Pipeline Register Optimization | Checksum: 1ca559196

Time (s): cpu = 00:00:01 ; elapsed = 00:00:00.75 . Memory (MB): peak = 1969.953 ; gain = 65.023 ; free physical = 5666 ; free virtual = 10408

Phase 3.5 Small Shape Detail Placement
Phase 3.5 Small Shape Detail Placement | Checksum: 1bdf53285

Time (s): cpu = 00:00:02 ; elapsed = 00:00:00.92 . Memory (MB): peak = 1969.953 ; gain = 65.023 ; free physical = 5664 ; free virtual = 10405

Phase 3.6 Re-assign LUT pins
Phase 3.6 Re-assign LUT pins | Checksum: 1bdf53285

Time (s): cpu = 00:00:02 ; elapsed = 00:00:00.92 . Memory (MB): peak = 1969.953 ; gain = 65.023 ; free physical = 5664 ; free virtual = 10405

Phase 3.7 Pipeline Register Optimization
Phase 3.7 Pipeline Register Optimization | Checksum: 1bdf53285

Time (s): cpu = 00:00:02 ; elapsed = 00:00:00.92 . Memory (MB): peak = 1969.953 ; gain = 65.023 ; free physical = 5664 ; free virtual = 10405
Phase 3 Detail Placement | Checksum: 1bdf53285

Time (s): cpu = 00:00:02 ; elapsed = 00:00:00.92 . Memory (MB): peak = 1969.953 ; gain = 65.023 ; free physical = 5664 ; free virtual = 10405

Phase 4 Post Placement Optimization and Clean-Up

Phase 4.1 Post Commit Optimization
Phase 4.1 Post Commit Optimization | Checksum: 1bdf53285

Time (s): cpu = 00:00:02 ; elapsed = 00:00:00.92 . Memory (MB): peak = 1969.953 ; gain = 65.023 ; free physical = 5664 ; free virtual = 10405

Phase 4.2 Post Placement Cleanup
Phase 4.2 Post Placement Cleanup | Checksum: 1bdf53285

Time (s): cpu = 00:00:02 ; elapsed = 00:00:00.94 . Memory (MB): peak = 1969.953 ; gain = 65.023 ; free physical = 5664 ; free virtual = 10407

Phase 4.3 Placer Reporting
Phase 4.3 Placer Reporting | Checksum: 1bdf53285

Time (s): cpu = 00:00:02 ; elapsed = 00:00:00.94 . Memory (MB): peak = 1969.953 ; gain = 65.023 ; free physical = 5664 ; free virtual = 10407

Phase 4.4 Final Placement Cleanup
Phase 4.4 Final Placement Cleanup | Checksum: 1bdf53285

Time (s): cpu = 00:00:02 ; elapsed = 00:00:00.94 . Memory (MB): peak = 1969.953 ; gain = 65.023 ; free physical = 5664 ; free virtual = 10407
Phase 4 Post Placement Optimization and Clean-Up | Checksum: 1bdf53285

Time (s): cpu = 00:00:02 ; elapsed = 00:00:00.94 . Memory (MB): peak = 1969.953 ; gain = 65.023 ; free physical = 5664 ; free virtual = 10407
Ending Placer Task | Checksum: 18d5f93ab

Time (s): cpu = 00:00:02 ; elapsed = 00:00:00.94 . Memory (MB): peak = 1969.953 ; gain = 65.023 ; free physical = 5667 ; free virtual = 10409
INFO: [Common 17-83] Releasing license: Implementation
39 Infos, 2 Warnings, 0 Critical Warnings and 0 Errors encountered.
place_design completed successfully
WARNING: [Constraints 18-5210] No constraint will be written out.
Writing placer database...
Writing XDEF routing.
Writing XDEF routing logical nets.
Writing XDEF routing special nets.
Write XDEF Complete: Time (s): cpu = 00:00:00.16 ; elapsed = 00:00:00.27 . Memory (MB): peak = 1969.953 ; gain = 0.000 ; free physical = 5665 ; free virtual = 10409
INFO: [Common 17-1381] The checkpoint '/home/mlenehan/Documents/Michael/ECE/ECE4/EE496/Assignment1/OneBitFullAdder/OneBitFullAdder.runs/impl_1/oneBitFullAdder_placed.dcp' has been generated.
INFO: [runtcl-4] Executing : report_io -file oneBitFullAdder_io_placed.rpt
report_io: Time (s): cpu = 00:00:00.09 ; elapsed = 00:00:00.12 . Memory (MB): peak = 1969.953 ; gain = 0.000 ; free physical = 5659 ; free virtual = 10402
INFO: [runtcl-4] Executing : report_utilization -file oneBitFullAdder_utilization_placed.rpt -pb oneBitFullAdder_utilization_placed.pb
report_utilization: Time (s): cpu = 00:00:00.06 ; elapsed = 00:00:00.10 . Memory (MB): peak = 1969.953 ; gain = 0.000 ; free physical = 5664 ; free virtual = 10406
INFO: [runtcl-4] Executing : report_control_sets -verbose -file oneBitFullAdder_control_sets_placed.rpt
report_control_sets: Time (s): cpu = 00:00:00.05 ; elapsed = 00:00:00.08 . Memory (MB): peak = 1969.953 ; gain = 0.000 ; free physical = 5664 ; free virtual = 10407
Command: route_design
Attempting to get a license for feature 'Implementation' and/or device 'xc7z010i'
INFO: [Common 17-349] Got license for feature 'Implementation' and/or device 'xc7z010i'
Running DRC as a precondition to command route_design
INFO: [DRC 23-27] Running DRC with 4 threads
INFO: [Vivado_Tcl 4-198] DRC finished with 0 Errors
INFO: [Vivado_Tcl 4-199] Please refer to the DRC report (report_drc) for more information.


Starting Routing Task
INFO: [Route 35-254] Multithreading enabled for route_design using a maximum of 4 CPUs
Checksum: PlaceDB: 9ce06b15 ConstDB: 0 ShapeSum: f07f2896 RouteDB: 0

Phase 1 Build RT Design
Phase 1 Build RT Design | Checksum: b803bea1

Time (s): cpu = 00:00:10 ; elapsed = 00:00:09 . Memory (MB): peak = 2016.074 ; gain = 46.121 ; free physical = 5586 ; free virtual = 10322
Post Restoration Checksum: NetGraph: 98005273 NumContArr: 20036c2e Constraints: 0 Timing: 0

Phase 2 Router Initialization
INFO: [Route 35-64] No timing constraints were detected. The router will operate in resource-optimization mode.

Phase 2.1 Fix Topology Constraints
Phase 2.1 Fix Topology Constraints | Checksum: b803bea1

Time (s): cpu = 00:00:10 ; elapsed = 00:00:09 . Memory (MB): peak = 2030.074 ; gain = 60.121 ; free physical = 5571 ; free virtual = 10307

Phase 2.2 Pre Route Cleanup
Phase 2.2 Pre Route Cleanup | Checksum: b803bea1

Time (s): cpu = 00:00:10 ; elapsed = 00:00:09 . Memory (MB): peak = 2030.074 ; gain = 60.121 ; free physical = 5571 ; free virtual = 10307
 Number of Nodes with overlaps = 0
Phase 2 Router Initialization | Checksum: 1d4543ede

Time (s): cpu = 00:00:10 ; elapsed = 00:00:09 . Memory (MB): peak = 2033.074 ; gain = 63.121 ; free physical = 5569 ; free virtual = 10306

Phase 3 Initial Routing
 Number of Nodes with overlaps = 0
Phase 3 Initial Routing | Checksum: acb501ee

Time (s): cpu = 00:00:11 ; elapsed = 00:00:09 . Memory (MB): peak = 2033.074 ; gain = 63.121 ; free physical = 5564 ; free virtual = 10301

Phase 4 Rip-up And Reroute

Phase 4.1 Global Iteration 0
Phase 4.1 Global Iteration 0 | Checksum: acb501ee

Time (s): cpu = 00:00:11 ; elapsed = 00:00:09 . Memory (MB): peak = 2033.074 ; gain = 63.121 ; free physical = 5564 ; free virtual = 10301
Phase 4 Rip-up And Reroute | Checksum: acb501ee

Time (s): cpu = 00:00:11 ; elapsed = 00:00:09 . Memory (MB): peak = 2033.074 ; gain = 63.121 ; free physical = 5564 ; free virtual = 10301

Phase 5 Delay and Skew Optimization
Phase 5 Delay and Skew Optimization | Checksum: acb501ee

Time (s): cpu = 00:00:11 ; elapsed = 00:00:09 . Memory (MB): peak = 2033.074 ; gain = 63.121 ; free physical = 5564 ; free virtual = 10301

Phase 6 Post Hold Fix

Phase 6.1 Hold Fix Iter
Phase 6.1 Hold Fix Iter | Checksum: acb501ee

Time (s): cpu = 00:00:11 ; elapsed = 00:00:09 . Memory (MB): peak = 2033.074 ; gain = 63.121 ; free physical = 5564 ; free virtual = 10301
Phase 6 Post Hold Fix | Checksum: acb501ee

Time (s): cpu = 00:00:11 ; elapsed = 00:00:09 . Memory (MB): peak = 2033.074 ; gain = 63.121 ; free physical = 5564 ; free virtual = 10301

Phase 7 Route finalize

Router Utilization Summary
  Global Vertical Routing Utilization    = 0.000844595 %
  Global Horizontal Routing Utilization  = 0.00229779 %
  Routable Net Status*
  *Does not include unroutable nets such as driverless and loadless.
  Run report_route_status for detailed report.
  Number of Failed Nets               = 0
  Number of Unrouted Nets             = 0
  Number of Partially Routed Nets     = 0
  Number of Node Overlaps             = 0

Congestion Report
North Dir 1x1 Area, Max Cong = 0%, No Congested Regions.
South Dir 1x1 Area, Max Cong = 1.8018%, No Congested Regions.
East Dir 1x1 Area, Max Cong = 2.94118%, No Congested Regions.
West Dir 1x1 Area, Max Cong = 2.94118%, No Congested Regions.

------------------------------
Reporting congestion hotspots
------------------------------
Direction: North
----------------
Congested clusters found at Level 0
Effective congestion level: 0 Aspect Ratio: 1 Sparse Ratio: 0
Direction: South
----------------
Congested clusters found at Level 0
Effective congestion level: 0 Aspect Ratio: 1 Sparse Ratio: 0
Direction: East
----------------
Congested clusters found at Level 0
Effective congestion level: 0 Aspect Ratio: 1 Sparse Ratio: 0
Direction: West
----------------
Congested clusters found at Level 0
Effective congestion level: 0 Aspect Ratio: 1 Sparse Ratio: 0

Phase 7 Route finalize | Checksum: acb501ee

Time (s): cpu = 00:00:11 ; elapsed = 00:00:09 . Memory (MB): peak = 2033.074 ; gain = 63.121 ; free physical = 5564 ; free virtual = 10301

Phase 8 Verifying routed nets

 Verification completed successfully
Phase 8 Verifying routed nets | Checksum: acb501ee

Time (s): cpu = 00:00:11 ; elapsed = 00:00:09 . Memory (MB): peak = 2035.074 ; gain = 65.121 ; free physical = 5564 ; free virtual = 10300

Phase 9 Depositing Routes
Phase 9 Depositing Routes | Checksum: acb501ee

Time (s): cpu = 00:00:11 ; elapsed = 00:00:09 . Memory (MB): peak = 2035.074 ; gain = 65.121 ; free physical = 5564 ; free virtual = 10300
INFO: [Route 35-16] Router Completed Successfully

Time (s): cpu = 00:00:11 ; elapsed = 00:00:09 . Memory (MB): peak = 2035.074 ; gain = 65.121 ; free physical = 5578 ; free virtual = 10315

Routing Is Done.
INFO: [Common 17-83] Releasing license: Implementation
51 Infos, 3 Warnings, 0 Critical Warnings and 0 Errors encountered.
route_design completed successfully
route_design: Time (s): cpu = 00:00:11 ; elapsed = 00:00:10 . Memory (MB): peak = 2035.074 ; gain = 65.121 ; free physical = 5578 ; free virtual = 10315
WARNING: [Constraints 18-5210] No constraint will be written out.
Writing placer database...
Writing XDEF routing.
Writing XDEF routing logical nets.
Writing XDEF routing special nets.
Write XDEF Complete: Time (s): cpu = 00:00:00.01 ; elapsed = 00:00:00.01 . Memory (MB): peak = 2035.074 ; gain = 0.000 ; free physical = 5577 ; free virtual = 10315
INFO: [Common 17-1381] The checkpoint '/home/mlenehan/Documents/Michael/ECE/ECE4/EE496/Assignment1/OneBitFullAdder/OneBitFullAdder.runs/impl_1/oneBitFullAdder_routed.dcp' has been generated.
INFO: [runtcl-4] Executing : report_drc -file oneBitFullAdder_drc_routed.rpt -pb oneBitFullAdder_drc_routed.pb -rpx oneBitFullAdder_drc_routed.rpx
Command: report_drc -file oneBitFullAdder_drc_routed.rpt -pb oneBitFullAdder_drc_routed.pb -rpx oneBitFullAdder_drc_routed.rpx
INFO: [DRC 23-27] Running DRC with 4 threads
INFO: [Coretcl 2-168] The results of DRC are in file /home/mlenehan/Documents/Michael/ECE/ECE4/EE496/Assignment1/OneBitFullAdder/OneBitFullAdder.runs/impl_1/oneBitFullAdder_drc_routed.rpt.
report_drc completed successfully
INFO: [runtcl-4] Executing : report_methodology -file oneBitFullAdder_methodology_drc_routed.rpt -pb oneBitFullAdder_methodology_drc_routed.pb -rpx oneBitFullAdder_methodology_drc_routed.rpx
Command: report_methodology -file oneBitFullAdder_methodology_drc_routed.rpt -pb oneBitFullAdder_methodology_drc_routed.pb -rpx oneBitFullAdder_methodology_drc_routed.rpx
INFO: [Timing 38-35] Done setting XDC timing constraints.
INFO: [Timing 38-35] Done setting XDC timing constraints.
INFO: [DRC 23-133] Running Methodology with 4 threads
INFO: [Coretcl 2-1520] The results of Report Methodology are in file /home/mlenehan/Documents/Michael/ECE/ECE4/EE496/Assignment1/OneBitFullAdder/OneBitFullAdder.runs/impl_1/oneBitFullAdder_methodology_drc_routed.rpt.
report_methodology completed successfully
INFO: [runtcl-4] Executing : report_power -file oneBitFullAdder_power_routed.rpt -pb oneBitFullAdder_power_summary_routed.pb -rpx oneBitFullAdder_power_routed.rpx
Command: report_power -file oneBitFullAdder_power_routed.rpt -pb oneBitFullAdder_power_summary_routed.pb -rpx oneBitFullAdder_power_routed.rpx
WARNING: [Power 33-232] No user defined clocks were found in the design!
Resolution: Please specify clocks using create_clock/create_generated_clock for sequential elements. For pure combinatorial circuits, please specify a virtual clock, otherwise the vectorless estimation might be inaccurate
INFO: [Timing 38-35] Done setting XDC timing constraints.
Running Vector-less Activity Propagation...

Finished Running Vector-less Activity Propagation
62 Infos, 5 Warnings, 0 Critical Warnings and 0 Errors encountered.
report_power completed successfully
INFO: [runtcl-4] Executing : report_route_status -file oneBitFullAdder_route_status.rpt -pb oneBitFullAdder_route_status.pb
INFO: [runtcl-4] Executing : report_timing_summary -max_paths 10 -file oneBitFullAdder_timing_summary_routed.rpt -pb oneBitFullAdder_timing_summary_routed.pb -rpx oneBitFullAdder_timing_summary_routed.rpx -warn_on_violation 
INFO: [Timing 38-91] UpdateTimingParams: Speed grade: -1L, Delay Type: min_max, Timing Stage: Requireds.
INFO: [Timing 38-191] Multithreading enabled for timing update using a maximum of 4 CPUs
WARNING: [Timing 38-313] There are no user specified timing constraints. Timing constraints are needed for proper timing analysis.
INFO: [runtcl-4] Executing : report_incremental_reuse -file oneBitFullAdder_incremental_reuse_routed.rpt
INFO: [Vivado_Tcl 4-545] No incremental reuse to report, no incremental placement and routing data was found.
INFO: [runtcl-4] Executing : report_clock_utilization -file oneBitFullAdder_clock_utilization_routed.rpt
INFO: [runtcl-4] Executing : report_bus_skew -warn_on_violation -file oneBitFullAdder_bus_skew_routed.rpt -pb oneBitFullAdder_bus_skew_routed.pb -rpx oneBitFullAdder_bus_skew_routed.rpx
INFO: [Timing 38-91] UpdateTimingParams: Speed grade: -1L, Delay Type: min_max, Timing Stage: Requireds.
INFO: [Timing 38-191] Multithreading enabled for timing update using a maximum of 4 CPUs
INFO: [Common 17-206] Exiting Vivado at Mon Oct  8 14:45:22 2018...
